<?xml version="1.0" encoding="UTF-8"?>
<testng-results ignored="0" total="2" passed="2" failed="0" skipped="0">
  <reporter-output>
  </reporter-output>
  <suite started-at="2024-04-18T16:33:41 IST" name="Suite" finished-at="2024-04-18T16:34:37 IST" duration-ms="55813">
    <groups>
    </groups>
    <test started-at="2024-04-18T16:33:41 IST" name="firefox" finished-at="2024-04-18T16:33:50 IST" duration-ms="9157">
      <class name="com.ytube.programms.CrossBrowser">
        <test-method signature="name(java.lang.String)[pri:0, instance:com.ytube.programms.CrossBrowser@4b29d1d2]" started-at="2024-04-18T16:33:41 IST" name="name" finished-at="2024-04-18T16:33:50 IST" duration-ms="9088" status="PASS">
          <params>
            <param index="0">
              <value>
                <![CDATA[edge]]>
              </value>
            </param>
          </params>
          <reporter-output>
          </reporter-output>
        </test-method> <!-- name -->
      </class> <!-- com.ytube.programms.CrossBrowser -->
    </test> <!-- firefox -->
    <test started-at="2024-04-18T16:33:41 IST" name="chrome" finished-at="2024-04-18T16:34:37 IST" duration-ms="55813">
      <class name="com.ytube.programms.CrossBrowser">
        <test-method signature="name(java.lang.String)[pri:0, instance:com.ytube.programms.CrossBrowser@6340e5f0]" started-at="2024-04-18T16:33:41 IST" name="name" finished-at="2024-04-18T16:34:37 IST" duration-ms="55757" status="PASS">
          <params>
            <param index="0">
              <value>
                <![CDATA[chrome]]>
              </value>
            </param>
          </params>
          <reporter-output>
          </reporter-output>
        </test-method> <!-- name -->
      </class> <!-- com.ytube.programms.CrossBrowser -->
    </test> <!-- chrome -->
  </suite> <!-- Suite -->
</testng-results>
